C51 COMPILER V9.52.0.0   SIMPLEOSCILLOSCOPE                                                12/15/2016 22:18:40 PAGE 1   


C51 COMPILER V9.52.0.0, COMPILATION OF MODULE SIMPLEOSCILLOSCOPE
OBJECT MODULE PLACED IN .\Objects\SimpleOscilloscope.obj
COMPILER INVOKED BY: C:\MySoftWare\keil\C51\BIN\C51.EXE SimpleOscilloscope.c BROWSE DEBUG OBJECTEXTEND PRINT(.\Listings\
                    -SimpleOscilloscope.lst) TABS(2) OBJECT(.\Objects\SimpleOscilloscope.obj)

line level    source

   1          #include <reg51.h>
   2          #include <intrins.h>
   3          //#include <ADC0808.h>
   4          sbit RS = P2 ^ 2; // 数据\指令 选择
   5          sbit RW = P2 ^ 1; // 读\写 选择
   6          sbit E = P2 ^ 0; // 读\写使能
   7          sbit CS1 = P2 ^ 4; // 片选1
   8          sbit CS2 = P2 ^ 3; // 片选2
   9          sbit busy = P1 ^ 7;
  10          sbit jia = P3 ^ 7;
  11          sbit jian = P3 ^ 3;
  12          sbit jia1 = P3 ^ 0;
  13          sbit jian1 = P3 ^ 1;
  14          sbit START = P3 ^ 4;
  15          sbit EOC = P3 ^ 5;
  16          sbit OE = P3 ^ 6;
  17          
  18          unsigned int i;
  19          unsigned char ye, lei, shu;
  20          unsigned char a[94];
  21          #define uint unsigned int
  22          #define uchar unsigned char
  23          uint AD = 0;
  24          char code t[] = {
  25          0x00,0x20,0x00,0x3C,0xC0,0x23,0x38,0x02,0xE0,0x02,0x00,0x27,0x00,0x38,0x00,0x20,/*"A",0*/
  26          
  27          0x08,0x20,0xF8,0x3F,0xF8,0x00,0x00,0x3F,0xF8,0x00,0xF8,0x3F,0x08,0x20,0x00,0x00,/*"M",1*/
  28          
  29          0x00,0x00,0x00,0x00,0x00,0x00,0x00,0x00,0x00,0x00,0x00,0x00,0x00,0x00,0x00,0x00,/*" ",0*/
  30          
  31          0x00,0x00,0x00,0x00,0x00,0x00,0x00,0x00,0x00,0x00,0x00,0x00,0x00,0x00,0x00,0x00,/*" ",1*/
  32          
  33          0x08,0x20,0xF8,0x3F,0x88,0x20,0x88,0x00,0xE8,0x03,0x08,0x00,0x10,0x00,0x00,0x00,/*"F",0*/
  34          
  35          0x08,0x20,0xF8,0x3F,0x88,0x20,0x88,0x00,0x88,0x03,0x88,0x0C,0x70,0x30,0x00,0x20,/*"R",1*/
  36          
  37          0x00,0x00,0x00,0x00,0x00,0x00,0x00,0x00,0x00,0x00,0x00,0x00,0x00,0x00,0x00,0x00,/*" ",0*/
  38          
  39          0x00,0x00,0x00,0x00,0x00,0x00,0x00,0x00,0x00,0x00,0x00,0x00,0x00,0x00,0x00,0x00,/*" ",1*/
  40          
  41          };
  42          
  43          void delay_50us(uint t)
  44          {
  45   1        uchar j;
  46   1        for (; t > 0; t--)
  47   1          for (j = 19; j > 0; j--);
  48   1      }
  49          void adc(){
  50   1        START = 0 ;
  51   1        OE = 0 ;
  52   1        START = 1 ;
  53   1        delay_50us(1);
  54   1        START =0 ;
C51 COMPILER V9.52.0.0   SIMPLEOSCILLOSCOPE                                                12/15/2016 22:18:40 PAGE 2   

  55   1        while(!EOC);
  56   1        OE = 1 ;
  57   1        AD = P0;
  58   1        //return AD;
  59   1      }
  60          
  61          void checkstate()
  62          {
  63   1        //bit dat;
  64   1        RS = 0;
  65   1        RW = 1;
  66   1        //P1=0x00;
  67   1        do
  68   1        {
  69   2          E = 1;
  70   2          E = 0;
  71   2          //仅当第7位为0时才可操作(判别busy信号)
  72   2        }
  73   1        while (busy == 1);
  74   1      }
  75          void writecommand(unsigned char command)  //写命令
  76          {
  77   1        checkstate();
  78   1        RS = 0;
  79   1        RW = 0;
  80   1        P1 = command;
  81   1        E = 1;
  82   1        E = 0;
  83   1      }
  84          void writedate(unsigned char date)    //写数据
  85          {
  86   1        checkstate();
  87   1        RS = 1;
  88   1        RW = 0;
  89   1        P1 = date;
  90   1        E = 1;
  91   1        E = 0;
  92   1      }
  93          
  94          void pianxuan(unsigned int i)
  95          {
  96   1        if (i == 1)
  97   1          CS1 = 0, CS2 = 1;
  98   1        if (i == 2)
  99   1          CS1 = 1, CS2 = 0;
 100   1        if (i == 3)
 101   1          CS1 = 0, CS2 = 0;
 102   1      }
 103          void cleanscreen()             //清屏
 104          {
 105   1        unsigned char page, i;
 106   1        for (page = 0xb8; page < 0xc0; page++)
 107   1        {
 108   2          writecommand(page);
 109   2          writecommand(0x40);
 110   2          for (i = 0; i < 64; i++)
 111   2            writedate(0x00);
 112   2        }
 113   1      
 114   1      }
 115          void init(void)   //开显示，起始行0行
 116          {
C51 COMPILER V9.52.0.0   SIMPLEOSCILLOSCOPE                                                12/15/2016 22:18:40 PAGE 3   

 117   1        writecommand(0xc0);
 118   1        writecommand(0x3f);
 119   1      }
 120          
 121          void shuju()
 122          {
 123   1        pianxuan(i);
 124   1        writecommand(ye);
 125   1        writecommand(lei);
 126   1        writedate(shu);
 127   1      }
 128          void qing()
 129          {
 130   1        uchar i;
 131   1        for (i = 0xb8; i <= 0xbf; i++)
 132   1        {
 133   2          ye = i;
 134   2          shu = 0x00;
 135   2          shuju();
 136   2        }
 137   1      }
 138          void main()
 139          {
 140   1      
 141   1      
 142   1        uint r, j, g = 0, q, dianya = 1, k;
 143   1        uchar U,l;
 144   1        pianxuan(3);
 145   1        cleanscreen();
 146   1        init();
 147   1        pianxuan(2);
 148   1      
 149   1        l = 0xb8;
 150   1        for (k = 0; k < 4; k++, l = l + 0x02)
 151   1        {
 152   2          ye = l;
 153   2          //lei = 0x70;
 154   2          lei = 96;
 155   2          for (r = 0; r < 16; r++)
 156   2          {
 157   3            shu = t[2 * r  + 32 * k];
 158   3            shuju();
 159   3            lei++;
 160   3          }
 161   2          ye = l + 0x01;
 162   2          //lei = 0x70;
 163   2          lei = 96;
 164   2          for (r = 0; r < 16; r++)
 165   2          {
 166   3            shu = t[2 * r + 1 + 32 * k];
 167   3            shuju();
 168   3            lei++;
 169   3          }
 170   2        }
 171   1      
 172   1      
 173   1        while (1)
 174   1        {
 175   2          uchar d1, d2, d3, d4, d5;
 176   2      aaa: do
 177   2          {
 178   3            adc();
C51 COMPILER V9.52.0.0   SIMPLEOSCILLOSCOPE                                                12/15/2016 22:18:40 PAGE 4   

 179   3          } 
 180   2        while ((AD != 128) && (AD != 129) && (AD != 130));
 181   2          U = AD;
 182   2          adc();
 183   2          if (U > AD)
 184   2            goto aaa;
 185   2          while (jia == 0)
 186   2          {
 187   3            while (jia == 0);
 188   3            g = g + 1;
 189   3          }
 190   2          while (jian == 0)
 191   2          {
 192   3            while (jian == 0);
 193   3            if (g != 0) g = g - 1;
 194   3          }
 195   2          while (jia1 == 0)
 196   2          {
 197   3            while (jia1 == 0);
 198   3            dianya = dianya + 1;
 199   3          }
 200   2          while (jian1 == 0)
 201   2          {
 202   3            while (jian1 == 0);
 203   3            if (dianya != 1) 
 204   3            dianya = dianya - 1;
 205   3          }
 206   2          for (j = 0; j < 94; j++) //AD采样
 207   2          {
 208   3            adc();
 209   3            a[j] = AD;
 210   3            delay_50us(g);
 211   3          }
 212   2          lei = 0x40;
 213   2          for (r = 0, j = 0; r < 94; r++, j++)
 214   2          {
 215   3            if (j < 64) i = 1;
 216   3            if (j == 64) lei = 0x40;
 217   3            if (j >= 64)i = 2;
 218   3            qing();                //清掉之前的内容
 219   3            AD = a[j] * 0.196 / dianya; //计算在12864的电压值
 220   3            if (AD <= 7)       ye = 0xbf, shu = (0x80 >> AD);
 221   3            else if (AD <= 15) ye = 0xbe, shu = 0x80 >> (AD - 8);
 222   3            else if (AD <= 23) ye = 0xbd, shu = 0x80 >> (AD - 16);
 223   3            else if (AD <= 31) ye = 0xbc, shu = 0x80 >> (AD - 24);
 224   3            else if (AD <= 39) ye = 0xbb, shu = 0x80 >> (AD - 32);
 225   3            else if (AD <= 47) ye = 0xba, shu = 0x80 >> (AD - 40);
 226   3            else if (AD <= 55) ye = 0xb9, shu = 0x80 >> (AD - 48);
 227   3            else if (AD <= 63) ye = 0xb8, shu = 0x80 >> (AD - 56);
 228   3            if (r == 0)
 229   3            {
 230   4              d1 = shu;
 231   4              d2 = ye;
 232   4            }
 233   3            if (r != 0)
 234   3            {
 235   4              d3 = shu;
 236   4              d4 = ye;
 237   4              if (ye == d2)
 238   4              {
 239   5                if (shu > d1)
 240   5                {
C51 COMPILER V9.52.0.0   SIMPLEOSCILLOSCOPE                                                12/15/2016 22:18:40 PAGE 5   

 241   6                  d5 = shu;
 242   6                  d5 = d5 >> 1;
 243   6                  while (d5 != d1)
 244   6                  { d5 = d5 >> 1;
 245   7                    shu = shu | (shu >> 1);
 246   7                  }
 247   6                }
 248   5                if (shu < d1)
 249   5                {
 250   6                  d5 = shu;
 251   6                  d5 = d5 << 1;
 252   6                  while (d5 != d1)
 253   6                  {
 254   7                    d5 = d5 << 1;
 255   7                    shu = shu | (shu << 1);
 256   7                  }
 257   6                }
 258   5              }
 259   4      
 260   4              if (ye < d2)
 261   4              {
 262   5                for (q = 0; q < 7; q++)
 263   5                {
 264   6                  shu = shu | (shu << 1);
 265   6                }
 266   5                shuju();
 267   5                ye++;
 268   5                while (ye < d2) {
 269   6                  shu = 0xff, shuju(), ye++;
 270   6                }
 271   5                if (ye == d2) {
 272   6                  shu = 0x01;
 273   6                  if (shu < d1)
 274   6                  {
 275   7                    d5 = shu;
 276   7                    d5 = d5 << 1;
 277   7                    while (d5 != d1)
 278   7                    {
 279   8                      d5 = d5 << 1;
 280   8                      shu = shu | (shu << 1);
 281   8                    }
 282   7                  }
 283   6                }
 284   5              }
 285   4              if (ye > d2)
 286   4              {
 287   5                for (q = 0; q < 7; q++)
 288   5                {
 289   6                  shu = shu | (shu >> 1);
 290   6                }
 291   5                shuju();
 292   5                ye--;
 293   5                while (ye > d2) {
 294   6                  shu = 0xff, shuju(), ye--;
 295   6                }
 296   5                if (ye == d2) {
 297   6                  shu = 0x80;
 298   6                  if (shu > d1)
 299   6                  {
 300   7                    d5 = shu;
 301   7                    d5 = d5 >> 1;
 302   7                    while (d5 != d1)
C51 COMPILER V9.52.0.0   SIMPLEOSCILLOSCOPE                                                12/15/2016 22:18:40 PAGE 6   

 303   7                    {
 304   8                      d5 = d5 >> 1;
 305   8                      shu = shu | (shu >> 1);
 306   8                    }
 307   7                  }
 308   6                }
 309   5              }
 310   4            }
 311   3            if (r != 0)
 312   3            {
 313   4              d1 = d3;
 314   4              d2 = d4;
 315   4            }
 316   3            shuju();
 317   3            if (lei != 0x7f) lei++;
 318   3          }
 319   2        }
 320   1      }


MODULE INFORMATION:   STATIC OVERLAYABLE
   CODE SIZE        =   1312    ----
   CONSTANT SIZE    =    128    ----
   XDATA SIZE       =   ----    ----
   PDATA SIZE       =   ----    ----
   DATA SIZE        =    101      17
   IDATA SIZE       =   ----    ----
   BIT SIZE         =   ----    ----
END OF MODULE INFORMATION.


C51 COMPILATION COMPLETE.  0 WARNING(S),  0 ERROR(S)
